<?xml version="1.0" encoding="UTF-8"?>
<!-- Generated by org.testng.reporters.JUnitXMLReporter -->
<testsuite hostname="qainfotech-OptiPlex-755" name="Default test" tests="3" failures="0" timestamp="26 Jun 2018 11:21:48 GMT" time="29.183" errors="0">
  <testcase name="CkeckingValidLogin" time="15.018" classname="selenium.Hris.HrisMain"/>
  <testcase name="CheckingInvalidLogin" time="5.383" classname="selenium.Hris.HrisMain"/>
  <testcase name="CheckingBlankLogin" time="0.433" classname="selenium.Hris.HrisMain"/>
</testsuite> <!-- Default test -->
