<?xml version="1.0" encoding="UTF-8"?>
<testng-results skipped="0" failed="1" total="9" passed="8">
  <reporter-output>
  </reporter-output>
  <suite name="Default suite" duration-ms="20837" started-at="2018-06-26T03:39:45Z" finished-at="2018-06-26T03:40:05Z">
    <groups>
    </groups>
    <test name="Default test" duration-ms="20837" started-at="2018-06-26T03:39:45Z" finished-at="2018-06-26T03:40:05Z">
      <class name="selenium.selenuim.Testing">
        <test-method status="PASS" signature="OpenWebpage()[pri:0, instance:selenium.selenuim.Testing@548a9f61]" name="OpenWebpage" is-config="true" duration-ms="13403" started-at="2018-06-26T09:09:45Z" finished-at="2018-06-26T09:09:58Z">
          <reporter-output>
          </reporter-output>
        </test-method> <!-- OpenWebpage -->
        <test-method status="PASS" signature="CheckingRedGrid()[pri:0, instance:selenium.selenuim.Testing@548a9f61]" name="CheckingRedGrid" duration-ms="335" started-at="2018-06-26T09:09:58Z" finished-at="2018-06-26T09:09:58Z">
          <reporter-output>
          </reporter-output>
        </test-method> <!-- CheckingRedGrid -->
        <test-method status="PASS" signature="CheckingGreenGrid()[pri:0, instance:selenium.selenuim.Testing@548a9f61]" name="CheckingGreenGrid" duration-ms="638" started-at="2018-06-26T09:09:58Z" finished-at="2018-06-26T09:09:59Z">
          <reporter-output>
          </reporter-output>
        </test-method> <!-- CheckingGreenGrid -->
        <test-method status="PASS" signature="ClickingProceedWithoutColorMatch()[pri:0, instance:selenium.selenuim.Testing@548a9f61]" name="ClickingProceedWithoutColorMatch" duration-ms="771" started-at="2018-06-26T09:09:59Z" finished-at="2018-06-26T09:10:00Z">
          <reporter-output>
          </reporter-output>
        </test-method> <!-- ClickingProceedWithoutColorMatch -->
        <test-method status="PASS" signature="ClickingRepaint()[pri:0, instance:selenium.selenuim.Testing@548a9f61]" name="ClickingRepaint" duration-ms="2394" started-at="2018-06-26T09:10:00Z" finished-at="2018-06-26T09:10:02Z">
          <reporter-output>
          </reporter-output>
        </test-method> <!-- ClickingRepaint -->
        <test-method status="PASS" signature="ClickingProceedWithColorMatch()[pri:0, instance:selenium.selenuim.Testing@548a9f61]" name="ClickingProceedWithColorMatch" duration-ms="36" started-at="2018-06-26T09:10:02Z" finished-at="2018-06-26T09:10:02Z">
          <reporter-output>
          </reporter-output>
        </test-method> <!-- ClickingProceedWithColorMatch -->
        <test-method status="PASS" signature="DraginigBox()[pri:0, instance:selenium.selenuim.Testing@548a9f61]" name="DraginigBox" duration-ms="352" started-at="2018-06-26T09:10:02Z" finished-at="2018-06-26T09:10:03Z">
          <reporter-output>
          </reporter-output>
        </test-method> <!-- DraginigBox -->
        <test-method status="FAIL" signature="CheckingDragTest()[pri:0, instance:selenium.selenuim.Testing@548a9f61]" name="CheckingDragTest" duration-ms="104" started-at="2018-06-26T09:10:03Z" finished-at="2018-06-26T09:10:03Z">
          <exception class="org.openqa.selenium.StaleElementReferenceException">
            <message>
              <![CDATA[The element reference of <h1> is stale; either the element is no longer attached to the DOM, it is not in the current frame context, or the document has been refreshed
For documentation on this error, please visit: http://seleniumhq.org/exceptions/stale_element_reference.html
Build info: version: '3.12.0', revision: '7c6e0b3', time: '2018-05-08T14:04:26.12Z'
System info: host: 'qainfotech-OptiPlex-755', ip: '127.0.1.1', os.name: 'Linux', os.arch: 'amd64', os.version: '3.13.0-151-generic', java.version: '1.8.0_171'
Driver info: org.openqa.selenium.firefox.FirefoxDriver
Capabilities {acceptInsecureCerts: true, browserName: firefox, browserVersion: 60.0.2, javascriptEnabled: true, moz:accessibilityChecks: false, moz:headless: false, moz:processID: 2313, moz:profile: /tmp/rust_mozprofile.GraQMh..., moz:useNonSpecCompliantPointerOrigin: false, moz:webdriverClick: true, pageLoadStrategy: normal, platform: LINUX, platformName: LINUX, platformVersion: 3.13.0-151-generic, rotatable: false, timeouts: {implicit: 0, pageLoad: 300000, script: 30000}}
Session ID: d694d84d-40d1-416f-9342-243aecb3063d]]>
            </message>
            <full-stacktrace>
              <![CDATA[org.openqa.selenium.StaleElementReferenceException: The element reference of <h1> is stale; either the element is no longer attached to the DOM, it is not in the current frame context, or the document has been refreshed
For documentation on this error, please visit: http://seleniumhq.org/exceptions/stale_element_reference.html
Build info: version: '3.12.0', revision: '7c6e0b3', time: '2018-05-08T14:04:26.12Z'
System info: host: 'qainfotech-OptiPlex-755', ip: '127.0.1.1', os.name: 'Linux', os.arch: 'amd64', os.version: '3.13.0-151-generic', java.version: '1.8.0_171'
Driver info: org.openqa.selenium.firefox.FirefoxDriver
Capabilities {acceptInsecureCerts: true, browserName: firefox, browserVersion: 60.0.2, javascriptEnabled: true, moz:accessibilityChecks: false, moz:headless: false, moz:processID: 2313, moz:profile: /tmp/rust_mozprofile.GraQMh..., moz:useNonSpecCompliantPointerOrigin: false, moz:webdriverClick: true, pageLoadStrategy: normal, platform: LINUX, platformName: LINUX, platformVersion: 3.13.0-151-generic, rotatable: false, timeouts: {implicit: 0, pageLoad: 300000, script: 30000}}
Session ID: d694d84d-40d1-416f-9342-243aecb3063d
	at sun.reflect.NativeConstructorAccessorImpl.newInstance0(Native Method)
	at sun.reflect.NativeConstructorAccessorImpl.newInstance(NativeConstructorAccessorImpl.java:62)
	at sun.reflect.DelegatingConstructorAccessorImpl.newInstance(DelegatingConstructorAccessorImpl.java:45)
	at java.lang.reflect.Constructor.newInstance(Constructor.java:423)
	at org.openqa.selenium.remote.http.W3CHttpResponseCodec.createException(W3CHttpResponseCodec.java:187)
	at org.openqa.selenium.remote.http.W3CHttpResponseCodec.decode(W3CHttpResponseCodec.java:122)
	at org.openqa.selenium.remote.http.W3CHttpResponseCodec.decode(W3CHttpResponseCodec.java:49)
	at org.openqa.selenium.remote.HttpCommandExecutor.execute(HttpCommandExecutor.java:158)
	at org.openqa.selenium.remote.service.DriverCommandExecutor.execute(DriverCommandExecutor.java:83)
	at org.openqa.selenium.remote.RemoteWebDriver.execute(RemoteWebDriver.java:543)
	at org.openqa.selenium.remote.RemoteWebElement.execute(RemoteWebElement.java:276)
	at org.openqa.selenium.remote.RemoteWebElement.getText(RemoteWebElement.java:160)
	at selenium.selenuim.DragAndDrop.getPopUpTitle(DragAndDrop.java:36)
	at selenium.selenuim.Testing.CheckingDragTest(Testing.java:71)
	at sun.reflect.NativeMethodAccessorImpl.invoke0(Native Method)
	at sun.reflect.NativeMethodAccessorImpl.invoke(NativeMethodAccessorImpl.java:62)
	at sun.reflect.DelegatingMethodAccessorImpl.invoke(DelegatingMethodAccessorImpl.java:43)
	at java.lang.reflect.Method.invoke(Method.java:498)
	at org.testng.internal.MethodInvocationHelper.invokeMethod(MethodInvocationHelper.java:80)
	at org.testng.internal.Invoker.invokeMethod(Invoker.java:714)
	at org.testng.internal.Invoker.invokeTestMethod(Invoker.java:901)
	at org.testng.internal.Invoker.invokeTestMethods(Invoker.java:1231)
	at org.testng.internal.TestMethodWorker.invokeTestMethods(TestMethodWorker.java:127)
	at org.testng.internal.TestMethodWorker.run(TestMethodWorker.java:111)
	at org.testng.TestRunner.privateRun(TestRunner.java:767)
	at org.testng.TestRunner.run(TestRunner.java:617)
	at org.testng.SuiteRunner.runTest(SuiteRunner.java:334)
	at org.testng.SuiteRunner.runSequentially(SuiteRunner.java:329)
	at org.testng.SuiteRunner.privateRun(SuiteRunner.java:291)
	at org.testng.SuiteRunner.run(SuiteRunner.java:240)
	at org.testng.SuiteRunnerWorker.runSuite(SuiteRunnerWorker.java:52)
	at org.testng.SuiteRunnerWorker.run(SuiteRunnerWorker.java:86)
	at org.testng.TestNG.runSuitesSequentially(TestNG.java:1198)
	at org.testng.TestNG.runSuitesLocally(TestNG.java:1123)
	at org.testng.TestNG.run(TestNG.java:1031)
	at org.testng.remote.AbstractRemoteTestNG.run(AbstractRemoteTestNG.java:114)
	at org.testng.remote.RemoteTestNG.initAndRun(RemoteTestNG.java:251)
	at org.testng.remote.RemoteTestNG.main(RemoteTestNG.java:77)
]]>
            </full-stacktrace>
          </exception> <!-- org.openqa.selenium.StaleElementReferenceException -->
          <reporter-output>
          </reporter-output>
        </test-method> <!-- CheckingDragTest -->
        <test-method status="PASS" signature="PopUp()[pri:0, instance:selenium.selenuim.Testing@548a9f61]" name="PopUp" duration-ms="1998" started-at="2018-06-26T09:10:03Z" finished-at="2018-06-26T09:10:05Z">
          <reporter-output>
          </reporter-output>
        </test-method> <!-- PopUp -->
        <test-method status="PASS" signature="Cookie()[pri:0, instance:selenium.selenuim.Testing@548a9f61]" name="Cookie" duration-ms="721" started-at="2018-06-26T09:10:05Z" finished-at="2018-06-26T09:10:05Z">
          <reporter-output>
          </reporter-output>
        </test-method> <!-- Cookie -->
        <test-method status="PASS" signature="CloseBrowser()[pri:0, instance:selenium.selenuim.Testing@548a9f61]" name="CloseBrowser" is-config="true" duration-ms="1" started-at="2018-06-26T09:10:05Z" finished-at="2018-06-26T09:10:05Z">
          <reporter-output>
          </reporter-output>
        </test-method> <!-- CloseBrowser -->
      </class> <!-- selenium.selenuim.Testing -->
    </test> <!-- Default test -->
  </suite> <!-- Default suite -->
</testng-results>
