<?xml version="1.0" encoding="UTF-8"?>
<testng-results skipped="0" failed="0" total="0" passed="0">
  <reporter-output>
  </reporter-output>
  <suite name="selenium.selenuim.AppTest" duration-ms="4" started-at="2018-06-25T11:26:57Z" finished-at="2018-06-25T11:26:57Z">
    <groups>
    </groups>
    <test name="Command line test" duration-ms="4" started-at="2018-06-25T11:26:57Z" finished-at="2018-06-25T11:26:57Z">
    </test> <!-- Command line test -->
  </suite> <!-- selenium.selenuim.AppTest -->
</testng-results>
